<?xml version="1.0" encoding="UTF-8"?>
<!-- Generated by org.testng.reporters.JUnitXMLReporter -->
<testsuite ignored="0" hostname="CDMIHFB2" failures="0" tests="10" name="Test" time="155.283" errors="0" timestamp="18 Jan 2022 10:24:23 GMT">
  <testcase classname="runner.WebApp" name="HomePage" time="0.536"/>
  <testcase classname="runner.WebApp" name="LocalPage" time="23.427"/>
  <testcase classname="runner.WebApp" name="SignUp" time="3.758"/>
  <testcase classname="runner.WebApp" name="HomepageLogin" time="3.677"/>
  <testcase classname="runner.WebApp" name="AboutPage" time="1.906"/>
  <testcase classname="runner.WebApp" name="ContactPage" time="2.774"/>
  <testcase classname="runner.WebApp" name="OnewayPage" time="11.076"/>
  <testcase classname="runner.WebApp" name="OutstationPage" time="27.439"/>
  <testcase classname="runner.WebApp" name="AirportPage" time="29.162"/>
  <testcase classname="runner.WebApp" name="CorporatePage" time="8.252"/>
</testsuite> <!-- Test -->
