<?xml version="1.0" encoding="UTF-8"?>
<testsuite xmlns:xsi="http://www.w3.org/2001/XMLSchema-instance" xsi:noNamespaceSchemaLocation="https://maven.apache.org/surefire/maven-surefire-plugin/xsd/surefire-test-report-3.0.xsd" version="3.0" name="TestSuite" time="156.483" tests="10" errors="0" skipped="0" failures="0">
  <properties>
[...]
</properties>
  <testcase name="HomePage" classname="runner.WebApp" time="0.529">
    <system-out><![CDATA[[TestNGContentHandler] [WARN] It is strongly recommended to add "<!DOCTYPE suite SYSTEM "http://testng.org/testng-1.0.dtd" >" at the top of your file, otherwise TestNG may fail or not work as expected.
[main] DEBUG Hooks.class  - Opening driver
[main] INFO  Hooks.class  - Driver opened
[main] DEBUG Hooks.class  - Opening URL
[main] DEBUG Homepage.java  - Homepage Title Validated
]]></system-out>
    <system-err><![CDATA[Starting ChromeDriver 96.0.4664.45 (76e4c1bb2ab4671b8beba3444e61c0f17584b2fc-refs/branch-heads/4664@{#947}) on port 18753
Only local connections are allowed.
Please see https://chromedriver.chromium.org/security-considerations for suggestions on keeping ChromeDriver safe.
ChromeDriver was started successfully.
[1642501309.162][WARNING]: This version of ChromeDriver has not been tested with Chrome version 97.
Jan 18, 2022 3:51:49 PM org.openqa.selenium.remote.ProtocolHandshake createSession
INFO: Detected dialect: W3C
]]></system-err>
  </testcase>
  <testcase name="LocalPage" classname="runner.WebApp" time="23.419">
    <system-out><![CDATA[[main] INFO  Hooks.class  - Driver closed
[main] DEBUG Hooks.class  - Opening driver
[main] INFO  Hooks.class  - Driver opened
[main] DEBUG Hooks.class  - Opening URL
[main] DEBUG LocalPage.java  - Clicked on Local under service section
[main] DEBUG LocalPage.java  - Switched to new Tab
[main] DEBUG LocalPage.java  -  location filled
[main] DEBUG LocalPage.java  - Date  selected
[main] DEBUG LocalPage.java  - Pickuptime  selected
[main] DEBUG LocalPage.java  - SearchCar Clicked
[main] DEBUG LocalPage.java  - First Car Selected in the result page
[main] INFO  LocalPage.java  - CarType Validated : Toyota Etios or Equivalent
]]></system-out>
    <system-err><![CDATA[Starting ChromeDriver 96.0.4664.45 (76e4c1bb2ab4671b8beba3444e61c0f17584b2fc-refs/branch-heads/4664@{#947}) on port 39472
Only local connections are allowed.
Please see https://chromedriver.chromium.org/security-considerations for suggestions on keeping ChromeDriver safe.
ChromeDriver was started successfully.
[1642501314.269][WARNING]: This version of ChromeDriver has not been tested with Chrome version 97.
Jan 18, 2022 3:51:54 PM org.openqa.selenium.remote.ProtocolHandshake createSession
INFO: Detected dialect: W3C
]]></system-err>
  </testcase>
  <testcase name="SignUp" classname="runner.WebApp" time="3.751">
    <system-out><![CDATA[[main] INFO  Hooks.class  - Driver closed
[main] DEBUG Hooks.class  - Opening driver
[main] INFO  Hooks.class  - Driver opened
[main] DEBUG Hooks.class  - Opening URL
[main] INFO  Homepage.java  - User Succesfully Registered
]]></system-out>
    <system-err><![CDATA[Starting ChromeDriver 96.0.4664.45 (76e4c1bb2ab4671b8beba3444e61c0f17584b2fc-refs/branch-heads/4664@{#947}) on port 43477
Only local connections are allowed.
Please see https://chromedriver.chromium.org/security-considerations for suggestions on keeping ChromeDriver safe.
ChromeDriver was started successfully.
[1642501341.706][WARNING]: This version of ChromeDriver has not been tested with Chrome version 97.
Jan 18, 2022 3:52:21 PM org.openqa.selenium.remote.ProtocolHandshake createSession
INFO: Detected dialect: W3C
]]></system-err>
  </testcase>
  <testcase name="HomepageLogin" classname="runner.WebApp" time="3.665">
    <system-out><![CDATA[[main] INFO  Hooks.class  - Driver closed
[main] DEBUG Hooks.class  - Opening driver
[main] INFO  Hooks.class  - Driver opened
[main] DEBUG Hooks.class  - Opening URL
[main] INFO  Homepage.java  - User Succesfully Loggged in
]]></system-out>
    <system-err><![CDATA[Starting ChromeDriver 96.0.4664.45 (76e4c1bb2ab4671b8beba3444e61c0f17584b2fc-refs/branch-heads/4664@{#947}) on port 46591
Only local connections are allowed.
Please see https://chromedriver.chromium.org/security-considerations for suggestions on keeping ChromeDriver safe.
ChromeDriver was started successfully.
[1642501349.710][WARNING]: This version of ChromeDriver has not been tested with Chrome version 97.
Jan 18, 2022 3:52:29 PM org.openqa.selenium.remote.ProtocolHandshake createSession
INFO: Detected dialect: W3C
]]></system-err>
  </testcase>
  <testcase name="AboutPage" classname="runner.WebApp" time="1.903">
    <system-out><![CDATA[[main] INFO  Hooks.class  - Driver closed
[main] DEBUG Hooks.class  - Opening driver
[main] INFO  Hooks.class  - Driver opened
[main] DEBUG Hooks.class  - Opening URL
[main] DEBUG AboutUsPage.java  - About Us Clicked
[main] DEBUG AboutUsPage.java  - Switched to new Tab
[main] DEBUG AboutUsPage.java  - CeoName  Validated : Gaurav Aggarwal
]]></system-out>
    <system-err><![CDATA[Starting ChromeDriver 96.0.4664.45 (76e4c1bb2ab4671b8beba3444e61c0f17584b2fc-refs/branch-heads/4664@{#947}) on port 48024
Only local connections are allowed.
Please see https://chromedriver.chromium.org/security-considerations for suggestions on keeping ChromeDriver safe.
ChromeDriver was started successfully.
[1642501357.402][WARNING]: This version of ChromeDriver has not been tested with Chrome version 97.
Jan 18, 2022 3:52:37 PM org.openqa.selenium.remote.ProtocolHandshake createSession
INFO: Detected dialect: W3C
]]></system-err>
  </testcase>
  <testcase name="ContactPage" classname="runner.WebApp" time="2.771">
    <system-out><![CDATA[[main] INFO  Hooks.class  - Driver closed
[main] DEBUG Hooks.class  - Opening driver
[main] INFO  Hooks.class  - Driver opened
[main] DEBUG Hooks.class  - Opening URL
[main] DEBUG ContactUsPage.java  - Contact Us Clicked
[main] DEBUG ContactUsPage.java  - Switched to new Tab
[main] INFO  ContactUsPage.java  - Contact No Validated : 90 4545 0000
]]></system-out>
    <system-err><![CDATA[Starting ChromeDriver 96.0.4664.45 (76e4c1bb2ab4671b8beba3444e61c0f17584b2fc-refs/branch-heads/4664@{#947}) on port 23540
Only local connections are allowed.
Please see https://chromedriver.chromium.org/security-considerations for suggestions on keeping ChromeDriver safe.
ChromeDriver was started successfully.
[1642501365.061][WARNING]: This version of ChromeDriver has not been tested with Chrome version 97.
Jan 18, 2022 3:52:45 PM org.openqa.selenium.remote.ProtocolHandshake createSession
INFO: Detected dialect: W3C
]]></system-err>
  </testcase>
  <testcase name="OnewayPage" classname="runner.WebApp" time="11.071">
    <system-out><![CDATA[[main] INFO  Hooks.class  - Driver closed
[main] DEBUG Hooks.class  - Opening driver
[main] INFO  Hooks.class  - Driver opened
[main] DEBUG Hooks.class  - Opening URL
[main] DEBUG OneWayPage.java  - Clicked on OneWayPage under service section
[main] DEBUG OneWayPage.java  - Switched to new Tab
[main] DEBUG OneWayPage.java  - Dropdown clicked
[main] DEBUG OneWayPage.java  - Agra to Shikohabad one-way-cabs selected
[main] DEBUG OneWayPage.java  - Switched to new Tab
[main] INFO  OneWayPage.java  - Title Validated : Book Agra to Shikohabad Cabs - Affordable Taxi Service with Savaari
]]></system-out>
    <system-err><![CDATA[Starting ChromeDriver 96.0.4664.45 (76e4c1bb2ab4671b8beba3444e61c0f17584b2fc-refs/branch-heads/4664@{#947}) on port 28116
Only local connections are allowed.
Please see https://chromedriver.chromium.org/security-considerations for suggestions on keeping ChromeDriver safe.
ChromeDriver was started successfully.
[1642501371.820][WARNING]: This version of ChromeDriver has not been tested with Chrome version 97.
Jan 18, 2022 3:52:51 PM org.openqa.selenium.remote.ProtocolHandshake createSession
INFO: Detected dialect: W3C
]]></system-err>
  </testcase>
  <testcase name="OutstationPage" classname="runner.WebApp" time="27.432">
    <system-out><![CDATA[[main] INFO  Hooks.class  - Driver closed
[main] DEBUG Hooks.class  - Opening driver
[main] INFO  Hooks.class  - Driver opened
[main] DEBUG Hooks.class  - Opening URL
[main] DEBUG OutstationPage.java  - Source location filled
[main] DEBUG OutstationPage.java  - Destination location filled
[main] DEBUG OutstationPage.java  - Date  selected
[main] DEBUG OutstationPage.java  - Pickuptime  selected
[main] DEBUG OutstationPage.java  - SearchCar Clicked
[main] DEBUG OutstationPage.java  - First Car Selected in the result page
[main] INFO  OutstationPage.java  - Price Validated : ? 4657
]]></system-out>
    <system-err><![CDATA[Starting ChromeDriver 96.0.4664.45 (76e4c1bb2ab4671b8beba3444e61c0f17584b2fc-refs/branch-heads/4664@{#947}) on port 10660
Only local connections are allowed.
Please see https://chromedriver.chromium.org/security-considerations for suggestions on keeping ChromeDriver safe.
ChromeDriver was started successfully.
[1642501386.664][WARNING]: This version of ChromeDriver has not been tested with Chrome version 97.
Jan 18, 2022 3:53:06 PM org.openqa.selenium.remote.ProtocolHandshake createSession
INFO: Detected dialect: W3C
]]></system-err>
  </testcase>
  <testcase name="AirportPage" classname="runner.WebApp" time="29.158">
    <system-out><![CDATA[[main] INFO  Hooks.class  - Driver closed
[main] DEBUG Hooks.class  - Opening driver
[main] INFO  Hooks.class  - Driver opened
[main] DEBUG Hooks.class  - Opening URL
[main] DEBUG AirportPage.java  - Clicked on Airport under service section
[main] DEBUG AirportPage.java  - Switched to new Tab
[main] DEBUG AirportPage.java  - Source location filled
[main] DEBUG AirportPage.java  - TripType  selected
[main] DEBUG AirportPage.java  - Destination location filled
[main] DEBUG AirportPage.java  - Date  selected
[main] DEBUG AirportPage.java  - Pickuptime  selected
[main] DEBUG AirportPage.java  - SearchCar Clicked
[main] DEBUG AirportPage.java  - First Car Selected in the result page
[main] INFO  AirportPage.java  - Price Validated : ? 931
]]></system-out>
    <system-err><![CDATA[Starting ChromeDriver 96.0.4664.45 (76e4c1bb2ab4671b8beba3444e61c0f17584b2fc-refs/branch-heads/4664@{#947}) on port 29237
Only local connections are allowed.
Please see https://chromedriver.chromium.org/security-considerations for suggestions on keeping ChromeDriver safe.
ChromeDriver was started successfully.
[1642501418.307][WARNING]: This version of ChromeDriver has not been tested with Chrome version 97.
Jan 18, 2022 3:53:38 PM org.openqa.selenium.remote.ProtocolHandshake createSession
INFO: Detected dialect: W3C
]]></system-err>
  </testcase>
  <testcase name="CorporatePage" classname="runner.WebApp" time="8.247">
    <system-out><![CDATA[[main] INFO  Hooks.class  - Driver closed
[main] DEBUG Hooks.class  - Opening driver
[main] INFO  Hooks.class  - Driver opened
[main] DEBUG Hooks.class  - Opening URL
[main] DEBUG CorporateCarRental.java  - Clicked on CorporateCarRental under service section
[main] DEBUG CorporateCarRental.java  - Switched to new Tab
[main] DEBUG CorporateCarRental.java  - Name Entered
[main] DEBUG CorporateCarRental.java  - Company name Entered
[main] DEBUG CorporateCarRental.java  - Email  Entered
[main] DEBUG CorporateCarRental.java  - Phone no Entered
[main] DEBUG CorporateCarRental.java  - Rental Requirment Selected
[main] DEBUG CorporateCarRental.java  - Submit button Clicked
[main] INFO  CorporateCarRental.java  - THANK YOU FOR ENQUIRING WITH US! OUR REPRESENTATIVE WILL GET BACK TO YOU SHORTLY.
[main] DEBUG CorporateCarRental.java  - MSG validated
]]></system-out>
    <system-err><![CDATA[Starting ChromeDriver 96.0.4664.45 (76e4c1bb2ab4671b8beba3444e61c0f17584b2fc-refs/branch-heads/4664@{#947}) on port 23582
Only local connections are allowed.
Please see https://chromedriver.chromium.org/security-considerations for suggestions on keeping ChromeDriver safe.
ChromeDriver was started successfully.
[1642501451.354][WARNING]: This version of ChromeDriver has not been tested with Chrome version 97.
Jan 18, 2022 3:54:11 PM org.openqa.selenium.remote.ProtocolHandshake createSession
INFO: Detected dialect: W3C
]]></system-err>
  </testcase>
</testsuite>