<?xml version="1.0" encoding="UTF-8"?>
<testng-results ignored="0" total="10" passed="10" failed="0" skipped="0">
  <reporter-output>
  </reporter-output>
  <suite started-at="2022-01-18T10:21:48Z" name="Suite" finished-at="2022-01-18T10:24:23Z" duration-ms="155283">
    <groups>
    </groups>
    <test started-at="2022-01-18T10:21:48Z" name="Test" finished-at="2022-01-18T10:24:23Z" duration-ms="155283">
      <class name="runner.WebApp">
        <test-method is-config="true" signature="Before()[pri:0, instance:runner.WebApp@41e350f1]" started-at="2022-01-18T10:21:48Z" name="Before" finished-at="2022-01-18T10:21:52Z" duration-ms="4637" status="PASS">
          <reporter-output>
          </reporter-output>
        </test-method> <!-- Before -->
        <test-method signature="HomePage()[pri:1, instance:runner.WebApp@41e350f1]" started-at="2022-01-18T10:21:52Z" name="HomePage" finished-at="2022-01-18T10:21:53Z" duration-ms="536" status="PASS">
          <reporter-output>
          </reporter-output>
        </test-method> <!-- HomePage -->
        <test-method is-config="true" signature="After()[pri:0, instance:runner.WebApp@41e350f1]" started-at="2022-01-18T10:21:53Z" name="After" finished-at="2022-01-18T10:21:53Z" duration-ms="123" status="PASS">
          <reporter-output>
          </reporter-output>
        </test-method> <!-- After -->
        <test-method is-config="true" signature="Before()[pri:0, instance:runner.WebApp@41e350f1]" started-at="2022-01-18T10:21:53Z" name="Before" finished-at="2022-01-18T10:21:57Z" duration-ms="3900" status="PASS">
          <reporter-output>
          </reporter-output>
        </test-method> <!-- Before -->
        <test-method signature="LocalPage()[pri:1, instance:runner.WebApp@41e350f1]" started-at="2022-01-18T10:21:57Z" name="LocalPage" finished-at="2022-01-18T10:22:20Z" duration-ms="23427" status="PASS">
          <reporter-output>
          </reporter-output>
        </test-method> <!-- LocalPage -->
        <test-method is-config="true" signature="After()[pri:0, instance:runner.WebApp@41e350f1]" started-at="2022-01-18T10:22:20Z" name="After" finished-at="2022-01-18T10:22:21Z" duration-ms="147" status="PASS">
          <reporter-output>
          </reporter-output>
        </test-method> <!-- After -->
        <test-method is-config="true" signature="Before()[pri:0, instance:runner.WebApp@41e350f1]" started-at="2022-01-18T10:22:21Z" name="Before" finished-at="2022-01-18T10:22:25Z" duration-ms="4106" status="PASS">
          <reporter-output>
          </reporter-output>
        </test-method> <!-- Before -->
        <test-method signature="SignUp()[pri:2, instance:runner.WebApp@41e350f1]" started-at="2022-01-18T10:22:25Z" name="SignUp" finished-at="2022-01-18T10:22:28Z" duration-ms="3758" status="PASS">
          <reporter-output>
          </reporter-output>
        </test-method> <!-- SignUp -->
        <test-method is-config="true" signature="After()[pri:0, instance:runner.WebApp@41e350f1]" started-at="2022-01-18T10:22:28Z" name="After" finished-at="2022-01-18T10:22:29Z" duration-ms="147" status="PASS">
          <reporter-output>
          </reporter-output>
        </test-method> <!-- After -->
        <test-method is-config="true" signature="Before()[pri:0, instance:runner.WebApp@41e350f1]" started-at="2022-01-18T10:22:29Z" name="Before" finished-at="2022-01-18T10:22:33Z" duration-ms="3975" status="PASS">
          <reporter-output>
          </reporter-output>
        </test-method> <!-- Before -->
        <test-method signature="HomepageLogin()[pri:3, instance:runner.WebApp@41e350f1]" started-at="2022-01-18T10:22:33Z" name="HomepageLogin" finished-at="2022-01-18T10:22:36Z" duration-ms="3677" status="PASS">
          <reporter-output>
          </reporter-output>
        </test-method> <!-- HomepageLogin -->
        <test-method is-config="true" signature="After()[pri:0, instance:runner.WebApp@41e350f1]" started-at="2022-01-18T10:22:36Z" name="After" finished-at="2022-01-18T10:22:36Z" duration-ms="115" status="PASS">
          <reporter-output>
          </reporter-output>
        </test-method> <!-- After -->
        <test-method is-config="true" signature="Before()[pri:0, instance:runner.WebApp@41e350f1]" started-at="2022-01-18T10:22:36Z" name="Before" finished-at="2022-01-18T10:22:42Z" duration-ms="5547" status="PASS">
          <reporter-output>
          </reporter-output>
        </test-method> <!-- Before -->
        <test-method signature="AboutPage()[pri:4, instance:runner.WebApp@41e350f1]" started-at="2022-01-18T10:22:42Z" name="AboutPage" finished-at="2022-01-18T10:22:44Z" duration-ms="1906" status="PASS">
          <reporter-output>
          </reporter-output>
        </test-method> <!-- AboutPage -->
        <test-method is-config="true" signature="After()[pri:0, instance:runner.WebApp@41e350f1]" started-at="2022-01-18T10:22:44Z" name="After" finished-at="2022-01-18T10:22:44Z" duration-ms="116" status="PASS">
          <reporter-output>
          </reporter-output>
        </test-method> <!-- After -->
        <test-method is-config="true" signature="Before()[pri:0, instance:runner.WebApp@41e350f1]" started-at="2022-01-18T10:22:44Z" name="Before" finished-at="2022-01-18T10:22:48Z" duration-ms="3869" status="PASS">
          <reporter-output>
          </reporter-output>
        </test-method> <!-- Before -->
        <test-method signature="ContactPage()[pri:5, instance:runner.WebApp@41e350f1]" started-at="2022-01-18T10:22:48Z" name="ContactPage" finished-at="2022-01-18T10:22:51Z" duration-ms="2774" status="PASS">
          <reporter-output>
          </reporter-output>
        </test-method> <!-- ContactPage -->
        <test-method is-config="true" signature="After()[pri:0, instance:runner.WebApp@41e350f1]" started-at="2022-01-18T10:22:51Z" name="After" finished-at="2022-01-18T10:22:51Z" duration-ms="119" status="PASS">
          <reporter-output>
          </reporter-output>
        </test-method> <!-- After -->
        <test-method is-config="true" signature="Before()[pri:0, instance:runner.WebApp@41e350f1]" started-at="2022-01-18T10:22:51Z" name="Before" finished-at="2022-01-18T10:22:54Z" duration-ms="3598" status="PASS">
          <reporter-output>
          </reporter-output>
        </test-method> <!-- Before -->
        <test-method signature="OnewayPage()[pri:6, instance:runner.WebApp@41e350f1]" started-at="2022-01-18T10:22:54Z" name="OnewayPage" finished-at="2022-01-18T10:23:05Z" duration-ms="11076" status="PASS">
          <reporter-output>
          </reporter-output>
        </test-method> <!-- OnewayPage -->
        <test-method is-config="true" signature="After()[pri:0, instance:runner.WebApp@41e350f1]" started-at="2022-01-18T10:23:05Z" name="After" finished-at="2022-01-18T10:23:06Z" duration-ms="141" status="PASS">
          <reporter-output>
          </reporter-output>
        </test-method> <!-- After -->
        <test-method is-config="true" signature="Before()[pri:0, instance:runner.WebApp@41e350f1]" started-at="2022-01-18T10:23:06Z" name="Before" finished-at="2022-01-18T10:23:10Z" duration-ms="4056" status="PASS">
          <reporter-output>
          </reporter-output>
        </test-method> <!-- Before -->
        <test-method signature="OutstationPage()[pri:8, instance:runner.WebApp@41e350f1]" started-at="2022-01-18T10:23:10Z" name="OutstationPage" finished-at="2022-01-18T10:23:37Z" duration-ms="27439" status="PASS">
          <reporter-output>
          </reporter-output>
        </test-method> <!-- OutstationPage -->
        <test-method is-config="true" signature="After()[pri:0, instance:runner.WebApp@41e350f1]" started-at="2022-01-18T10:23:37Z" name="After" finished-at="2022-01-18T10:23:37Z" duration-ms="160" status="PASS">
          <reporter-output>
          </reporter-output>
        </test-method> <!-- After -->
        <test-method is-config="true" signature="Before()[pri:0, instance:runner.WebApp@41e350f1]" started-at="2022-01-18T10:23:37Z" name="Before" finished-at="2022-01-18T10:23:41Z" duration-ms="3765" status="PASS">
          <reporter-output>
          </reporter-output>
        </test-method> <!-- Before -->
        <test-method signature="AirportPage()[pri:9, instance:runner.WebApp@41e350f1]" started-at="2022-01-18T10:23:41Z" name="AirportPage" finished-at="2022-01-18T10:24:10Z" duration-ms="29162" status="PASS">
          <reporter-output>
          </reporter-output>
        </test-method> <!-- AirportPage -->
        <test-method is-config="true" signature="After()[pri:0, instance:runner.WebApp@41e350f1]" started-at="2022-01-18T10:24:10Z" name="After" finished-at="2022-01-18T10:24:10Z" duration-ms="170" status="PASS">
          <reporter-output>
          </reporter-output>
        </test-method> <!-- After -->
        <test-method is-config="true" signature="Before()[pri:0, instance:runner.WebApp@41e350f1]" started-at="2022-01-18T10:24:10Z" name="Before" finished-at="2022-01-18T10:24:15Z" duration-ms="4413" status="PASS">
          <reporter-output>
          </reporter-output>
        </test-method> <!-- Before -->
        <test-method signature="CorporatePage()[pri:10, instance:runner.WebApp@41e350f1]" started-at="2022-01-18T10:24:15Z" name="CorporatePage" finished-at="2022-01-18T10:24:23Z" duration-ms="8252" status="PASS">
          <reporter-output>
          </reporter-output>
        </test-method> <!-- CorporatePage -->
        <test-method is-config="true" signature="After()[pri:0, instance:runner.WebApp@41e350f1]" started-at="2022-01-18T10:24:23Z" name="After" finished-at="2022-01-18T10:24:23Z" duration-ms="156" status="PASS">
          <reporter-output>
          </reporter-output>
        </test-method> <!-- After -->
        <test-method is-config="true" signature="flush()[pri:0, instance:runner.WebApp@41e350f1]" started-at="2022-01-18T10:24:23Z" name="flush" finished-at="2022-01-18T10:24:23Z" duration-ms="210" status="PASS">
          <reporter-output>
          </reporter-output>
        </test-method> <!-- flush -->
      </class> <!-- runner.WebApp -->
    </test> <!-- Test -->
  </suite> <!-- Suite -->
</testng-results>
